11:00:59.302 [main] INFO  com.becognizant.testcases.TC003_GSDPage - --//Screenshot taken showing all countries//--
11:01:05.162 [main] INFO  com.becognizant.testcases.TC003_GSDPage - --//All AVailable Tickets of Default Country Taken//--
11:28:08.780 [main] INFO  com.becognizant.testcases.TC001_BeCognizant - --//beCognizant text Validation Done//--
11:28:38.915 [main] INFO  com.becognizant.testcases.TC001_BeCognizant - --//OneCognizant text Validation Done//--
11:28:58.944 [main] INFO  com.becognizant.testcases.TC001_BeCognizant - --//Switch to OneCognizant from BeCognizant Done//--
11:29:04.237 [main] INFO  com.becognizant.testcases.TC001_BeCognizant - --//OneCognizant Screenshot Taken//--
11:34:21.855 [main] INFO  com.becognizant.testcases.TC003_GSDPage - --//beCognizant text Validation Done//--
11:34:21.961 [main] INFO  com.becognizant.testcases.TC003_GSDPage - --//OneCognizant text Validation Done//--
11:34:45.446 [main] INFO  com.becognizant.testcases.TC003_GSDPage - --//Switch to OneCognizant from BeCognizant Done//--
11:34:50.781 [main] INFO  com.becognizant.testcases.TC003_GSDPage - --//OneCognizant Screenshot Taken//--
11:34:50.852 [main] INFO  com.becognizant.testcases.TC003_GSDPage - --//Search 'GSD' Done//--
11:34:53.995 [main] INFO  com.becognizant.testcases.TC003_GSDPage - --//'GSD' Search Result Screenshot Taken//--
11:35:24.144 [main] INFO  com.becognizant.testcases.TC003_GSDPage - --//Click on 'GSD' Done//--
11:35:30.432 [main] INFO  com.becognizant.testcases.TC003_GSDPage - --//'GSD' Page Screenshot Taken//--
11:35:30.489 [main] INFO  com.becognizant.testcases.TC003_GSDPage - --//Welcome Message Verified//--
11:35:30.489 [main] INFO  com.becognizant.testcases.TC003_GSDPage - --//Browse Message Verified//--
11:35:30.517 [main] INFO  com.becognizant.testcases.TC003_GSDPage - --//Default Language Verified//--
11:35:30.539 [main] INFO  com.becognizant.testcases.TC003_GSDPage - --//Default Country Verified//--
11:35:30.759 [main] INFO  com.becognizant.testcases.TC003_GSDPage - --//Screenshot taken showing all languages//--
11:35:31.569 [main] INFO  com.becognizant.testcases.TC003_GSDPage - --//All AVailable Languages Taken//--
11:35:33.779 [main] INFO  com.becognizant.testcases.TC003_GSDPage - --//Screenshot taken showing all countries//--
11:35:39.661 [main] INFO  com.becognizant.testcases.TC003_GSDPage - --//All AVailable Tickets of Default Country Taken//--
11:40:24.406 [main] INFO  com.becognizant.testcases.TC003_GSDPage - --//beCognizant text Validation Done//--
11:40:24.459 [main] INFO  com.becognizant.testcases.TC003_GSDPage - --//OneCognizant text Validation Done//--
11:40:30.570 [main] INFO  com.becognizant.testcases.TC003_GSDPage - --//Switch to OneCognizant from BeCognizant Done//--
11:40:35.909 [main] INFO  com.becognizant.testcases.TC003_GSDPage - --//OneCognizant Screenshot Taken//--
11:40:36.032 [main] INFO  com.becognizant.testcases.TC003_GSDPage - --//Search 'GSD' Done//--
11:40:39.166 [main] INFO  com.becognizant.testcases.TC003_GSDPage - --//'GSD' Search Result Screenshot Taken//--
11:41:09.350 [main] INFO  com.becognizant.testcases.TC003_GSDPage - --//Click on 'GSD' Done//--
11:41:14.477 [main] INFO  com.becognizant.testcases.TC003_GSDPage - --//'GSD' Page Screenshot Taken//--
11:41:14.530 [main] INFO  com.becognizant.testcases.TC003_GSDPage - --//Welcome Message Verified//--
11:41:14.530 [main] INFO  com.becognizant.testcases.TC003_GSDPage - --//Browse Message Verified//--
11:41:14.552 [main] INFO  com.becognizant.testcases.TC003_GSDPage - --//Default Language Verified//--
11:41:14.577 [main] INFO  com.becognizant.testcases.TC003_GSDPage - --//Default Country Verified//--
11:41:14.805 [main] INFO  com.becognizant.testcases.TC003_GSDPage - --//Screenshot taken showing all languages//--
11:41:15.619 [main] INFO  com.becognizant.testcases.TC003_GSDPage - --//All AVailable Languages Taken//--
11:41:18.569 [main] INFO  com.becognizant.testcases.TC003_GSDPage - --//All AVailable Tickets of Default Country Taken//--
11:41:48.814 [main] INFO  com.becognizant.testcases.TC003_GSDPage - --//All AVailable Tickets of 2 Random Countries Taken//--
12:29:26.136 [main] INFO  com.becognizant.testcases.TC003_GSDPage - --//beCognizant text Validation Done//--
12:29:26.220 [main] INFO  com.becognizant.testcases.TC003_GSDPage - --//OneCognizant text Validation Done//--
12:29:35.351 [main] INFO  com.becognizant.testcases.TC003_GSDPage - --//Switch to OneCognizant from BeCognizant Done//--
12:29:40.633 [main] INFO  com.becognizant.testcases.TC003_GSDPage - --//OneCognizant Screenshot Taken//--
12:29:40.718 [main] INFO  com.becognizant.testcases.TC003_GSDPage - --//Search 'GSD' Done//--
12:29:43.850 [main] INFO  com.becognizant.testcases.TC003_GSDPage - --//'GSD' Search Result Screenshot Taken//--
12:30:14.038 [main] INFO  com.becognizant.testcases.TC003_GSDPage - --//Click on 'GSD' Done//--
12:30:19.167 [main] INFO  com.becognizant.testcases.TC003_GSDPage - --//'GSD' Page Screenshot Taken//--
