13:03:21.967 [main] INFO  com.becognizant.testcases.TC003_GSDPage - --//All AVailable Tickets of 2 Random Countries Taken//--
14:04:24.401 [main] INFO  com.becognizant.testcases.TC003_GSDPage - --//beCognizant text Validation Done//--
14:04:32.974 [main] INFO  com.becognizant.testcases.TC003_GSDPage - --//BeCognizant Profile Screenshot Taken//--
14:04:33.019 [main] INFO  com.becognizant.testcases.TC003_GSDPage - --//OneCognizant text Validation Done//--
14:04:39.579 [main] INFO  com.becognizant.testcases.TC003_GSDPage - --//Switch to OneCognizant from BeCognizant Done//--
14:04:44.974 [main] INFO  com.becognizant.testcases.TC003_GSDPage - --//OneCognizant Screenshot Taken//--
14:04:45.162 [main] INFO  com.becognizant.testcases.TC003_GSDPage - --//Search 'GSD' Done//--
14:04:48.304 [main] INFO  com.becognizant.testcases.TC003_GSDPage - --//'GSD' Search Result Screenshot Taken//--
14:05:18.509 [main] INFO  com.becognizant.testcases.TC003_GSDPage - --//Click on 'GSD' Done//--
14:05:23.645 [main] INFO  com.becognizant.testcases.TC003_GSDPage - --//'GSD' Page Screenshot Taken//--
14:05:23.724 [main] INFO  com.becognizant.testcases.TC003_GSDPage - --//Welcome Message Verified//--
14:05:23.724 [main] INFO  com.becognizant.testcases.TC003_GSDPage - --//Browse Message Verified//--
14:05:23.762 [main] INFO  com.becognizant.testcases.TC003_GSDPage - --//Default Language Verified//--
14:05:23.788 [main] INFO  com.becognizant.testcases.TC003_GSDPage - --//Default Country Verified//--
14:05:24.020 [main] INFO  com.becognizant.testcases.TC003_GSDPage - --//Screenshot taken showing all languages//--
14:05:25.102 [main] INFO  com.becognizant.testcases.TC003_GSDPage - --//All AVailable Languages Taken//--
14:05:28.488 [main] INFO  com.becognizant.testcases.TC003_GSDPage - --//All AVailable Tickets of Default Country Taken//--
14:05:58.739 [main] INFO  com.becognizant.testcases.TC003_GSDPage - --//All AVailable Tickets of 2 Random Countries Taken//--
14:09:33.331 [main] INFO  com.becognizant.testcases.TC003_GSDPage - --//beCognizant text Validation Done//--
14:09:33.383 [main] INFO  com.becognizant.testcases.TC003_GSDPage - --//OneCognizant text Validation Done//--
14:09:42.469 [main] INFO  com.becognizant.testcases.TC003_GSDPage - --//Switch to OneCognizant from BeCognizant Done//--
14:18:23.479 [main] INFO  com.becognizant.testcases.TC003_GSDPage - --//beCognizant text Validation Done//--
14:18:31.962 [main] INFO  com.becognizant.testcases.TC003_GSDPage - --//BeCognizant Profile Screenshot Taken//--
14:18:31.992 [main] INFO  com.becognizant.testcases.TC003_GSDPage - --//OneCognizant text Validation Done//--
14:18:38.308 [main] INFO  com.becognizant.testcases.TC003_GSDPage - --//Switch to OneCognizant from BeCognizant Done//--
14:18:43.605 [main] INFO  com.becognizant.testcases.TC003_GSDPage - --//OneCognizant Screenshot Taken//--
14:18:43.704 [main] INFO  com.becognizant.testcases.TC003_GSDPage - --//Search 'GSD' Done//--
14:18:46.824 [main] INFO  com.becognizant.testcases.TC003_GSDPage - --//'GSD' Search Result Screenshot Taken//--
14:19:16.950 [main] INFO  com.becognizant.testcases.TC003_GSDPage - --//Click on 'GSD' Done//--
14:19:22.132 [main] INFO  com.becognizant.testcases.TC003_GSDPage - --//'GSD' Page Screenshot Taken//--
14:19:22.248 [main] INFO  com.becognizant.testcases.TC003_GSDPage - --//Welcome Message Verified//--
14:19:22.249 [main] INFO  com.becognizant.testcases.TC003_GSDPage - --//Browse Message Verified//--
14:19:22.300 [main] INFO  com.becognizant.testcases.TC003_GSDPage - --//Default Language Verified//--
14:19:22.348 [main] INFO  com.becognizant.testcases.TC003_GSDPage - --//Default Country Verified//--
14:19:22.744 [main] INFO  com.becognizant.testcases.TC003_GSDPage - --//Screenshot taken showing all languages//--
14:19:24.616 [main] INFO  com.becognizant.testcases.TC003_GSDPage - --//All AVailable Languages Taken//--
14:19:31.047 [main] INFO  com.becognizant.testcases.TC003_GSDPage - --//All AVailable Tickets of Default Country Taken//--
14:20:01.322 [main] INFO  com.becognizant.testcases.TC003_GSDPage - --//All AVailable Tickets of 2 Random Countries Taken//--
14:48:41.543 [main] INFO  com.becognizant.testcases.TC003_GSDPage - --//beCognizant text Validation Done//--
14:48:49.969 [main] INFO  com.becognizant.testcases.TC003_GSDPage - --//BeCognizant Profile Screenshot Taken//--
14:48:49.997 [main] INFO  com.becognizant.testcases.TC003_GSDPage - --//OneCognizant text Validation Done//--
14:49:42.772 [main] INFO  com.becognizant.testcases.TC003_GSDPage - --//Switch to OneCognizant from BeCognizant Done//--
14:50:19.297 [main] INFO  com.becognizant.testcases.TC003_GSDPage - --//beCognizant text Validation Done//--
14:50:27.731 [main] INFO  com.becognizant.testcases.TC003_GSDPage - --//BeCognizant Profile Screenshot Taken//--
14:50:27.763 [main] INFO  com.becognizant.testcases.TC003_GSDPage - --//OneCognizant text Validation Done//--
14:54:04.824 [main] INFO  com.becognizant.testcases.TC003_GSDPage - --//beCognizant text Validation Done//--
